Determining if the pthread_create exist failed with the following output:
Change Dir: /home/dmitrii/eclipse-workspace/sabotage/CMakeFiles/CMakeTmp

Run Build Command:"/usr/bin/make" "cmTC_4734b/fast"
/usr/bin/make -f CMakeFiles/cmTC_4734b.dir/build.make CMakeFiles/cmTC_4734b.dir/build
make[1]: вход в каталог «/home/dmitrii/eclipse-workspace/sabotage/CMakeFiles/CMakeTmp»
Building C object CMakeFiles/cmTC_4734b.dir/CheckSymbolExists.c.o
/usr/bin/cc     -o CMakeFiles/cmTC_4734b.dir/CheckSymbolExists.c.o   -c /home/dmitrii/eclipse-workspace/sabotage/CMakeFiles/CMakeTmp/CheckSymbolExists.c
Linking C executable cmTC_4734b
/usr/bin/cmake -E cmake_link_script CMakeFiles/cmTC_4734b.dir/link.txt --verbose=1
/usr/bin/cc       CMakeFiles/cmTC_4734b.dir/CheckSymbolExists.c.o  -o cmTC_4734b -rdynamic 
CMakeFiles/cmTC_4734b.dir/CheckSymbolExists.c.o: In function `main':
CheckSymbolExists.c:(.text+0x16): undefined reference to `pthread_create'
collect2: error: ld returned 1 exit status
CMakeFiles/cmTC_4734b.dir/build.make:97: ошибка выполнения рецепта для цели «cmTC_4734b»
make[1]: *** [cmTC_4734b] Ошибка 1
make[1]: выход из каталога «/home/dmitrii/eclipse-workspace/sabotage/CMakeFiles/CMakeTmp»
Makefile:126: ошибка выполнения рецепта для цели «cmTC_4734b/fast»
make: *** [cmTC_4734b/fast] Ошибка 2

File /home/dmitrii/eclipse-workspace/sabotage/CMakeFiles/CMakeTmp/CheckSymbolExists.c:
/* */
#include <pthread.h>

int main(int argc, char** argv)
{
  (void)argv;
#ifndef pthread_create
  return ((int*)(&pthread_create))[argc];
#else
  (void)argc;
  return 0;
#endif
}

Determining if the function pthread_create exists in the pthreads failed with the following output:
Change Dir: /home/dmitrii/eclipse-workspace/sabotage/CMakeFiles/CMakeTmp

Run Build Command:"/usr/bin/make" "cmTC_5aa20/fast"
/usr/bin/make -f CMakeFiles/cmTC_5aa20.dir/build.make CMakeFiles/cmTC_5aa20.dir/build
make[1]: вход в каталог «/home/dmitrii/eclipse-workspace/sabotage/CMakeFiles/CMakeTmp»
Building C object CMakeFiles/cmTC_5aa20.dir/CheckFunctionExists.c.o
/usr/bin/cc    -DCHECK_FUNCTION_EXISTS=pthread_create   -o CMakeFiles/cmTC_5aa20.dir/CheckFunctionExists.c.o   -c /usr/share/cmake-3.5/Modules/CheckFunctionExists.c
Linking C executable cmTC_5aa20
/usr/bin/cmake -E cmake_link_script CMakeFiles/cmTC_5aa20.dir/link.txt --verbose=1
/usr/bin/cc   -DCHECK_FUNCTION_EXISTS=pthread_create    CMakeFiles/cmTC_5aa20.dir/CheckFunctionExists.c.o  -o cmTC_5aa20 -rdynamic -lpthreads 
/usr/bin/ld: cannot find -lpthreads
collect2: error: ld returned 1 exit status
CMakeFiles/cmTC_5aa20.dir/build.make:97: ошибка выполнения рецепта для цели «cmTC_5aa20»
make[1]: *** [cmTC_5aa20] Ошибка 1
make[1]: выход из каталога «/home/dmitrii/eclipse-workspace/sabotage/CMakeFiles/CMakeTmp»
Makefile:126: ошибка выполнения рецепта для цели «cmTC_5aa20/fast»
make: *** [cmTC_5aa20/fast] Ошибка 2


